Ivy Default Cache set to: /root/.ivy2/cache
The jars for the packages stored in: /root/.ivy2/jars
:: loading settings :: url = jar:file:/spark/jars/ivy-2.4.0.jar!/org/apache/ivy/core/settings/ivysettings.xml
org.apache.spark#spark-sql-kafka-0-10_2.12 added as a dependency
:: resolving dependencies :: org.apache.spark#spark-submit-parent-07d24ac1-d9ec-4b1d-90a9-a66ee1b949a7;1.0
	confs: [default]
	found org.apache.spark#spark-sql-kafka-0-10_2.12;3.0.1 in central
	found org.apache.spark#spark-token-provider-kafka-0-10_2.12;3.0.1 in central
	found org.apache.kafka#kafka-clients;2.4.1 in central
	found com.github.luben#zstd-jni;1.4.4-3 in central
	found org.lz4#lz4-java;1.7.1 in central
	found org.xerial.snappy#snappy-java;1.1.7.5 in central
	found org.slf4j#slf4j-api;1.7.30 in central
	found org.spark-project.spark#unused;1.0.0 in central
	found org.apache.commons#commons-pool2;2.6.2 in central
:: resolution report :: resolve 3358ms :: artifacts dl 119ms
	:: modules in use:
	com.github.luben#zstd-jni;1.4.4-3 from central in [default]
	org.apache.commons#commons-pool2;2.6.2 from central in [default]
	org.apache.kafka#kafka-clients;2.4.1 from central in [default]
	org.apache.spark#spark-sql-kafka-0-10_2.12;3.0.1 from central in [default]
	org.apache.spark#spark-token-provider-kafka-0-10_2.12;3.0.1 from central in [default]
	org.lz4#lz4-java;1.7.1 from central in [default]
	org.slf4j#slf4j-api;1.7.30 from central in [default]
	org.spark-project.spark#unused;1.0.0 from central in [default]
	org.xerial.snappy#snappy-java;1.1.7.5 from central in [default]
	---------------------------------------------------------------------
	|                  |            modules            ||   artifacts   |
	|       conf       | number| search|dwnlded|evicted|| number|dwnlded|
	---------------------------------------------------------------------
	|      default     |   9   |   0   |   0   |   0   ||   9   |   0   |
	---------------------------------------------------------------------
:: retrieving :: org.apache.spark#spark-submit-parent-07d24ac1-d9ec-4b1d-90a9-a66ee1b949a7
	confs: [default]
	0 artifacts copied, 9 already retrieved (0kB/159ms)
24/03/26 01:11:10 WARN NativeCodeLoader: Unable to load native-hadoop library for your platform... using builtin-java classes where applicable
Using Spark's default log4j profile: org/apache/spark/log4j-defaults.properties
24/03/26 01:11:13 INFO SparkContext: Running Spark version 3.0.1
24/03/26 01:11:13 INFO ResourceUtils: ==============================================================
24/03/26 01:11:13 INFO ResourceUtils: Resources for spark.driver:

24/03/26 01:11:13 INFO ResourceUtils: ==============================================================
24/03/26 01:11:13 INFO SparkContext: Submitted application: Most frequent complaints
24/03/26 01:11:14 INFO SecurityManager: Changing view acls to: root
24/03/26 01:11:14 INFO SecurityManager: Changing modify acls to: root
24/03/26 01:11:14 INFO SecurityManager: Changing view acls groups to: 
24/03/26 01:11:14 INFO SecurityManager: Changing modify acls groups to: 
24/03/26 01:11:14 INFO SecurityManager: SecurityManager: authentication disabled; ui acls disabled; users  with view permissions: Set(root); groups with view permissions: Set(); users  with modify permissions: Set(root); groups with modify permissions: Set()
24/03/26 01:11:15 INFO Utils: Successfully started service 'sparkDriver' on port 38435.
24/03/26 01:11:15 INFO SparkEnv: Registering MapOutputTracker
24/03/26 01:11:15 INFO SparkEnv: Registering BlockManagerMaster
24/03/26 01:11:16 INFO BlockManagerMasterEndpoint: Using org.apache.spark.storage.DefaultTopologyMapper for getting topology information
24/03/26 01:11:16 INFO BlockManagerMasterEndpoint: BlockManagerMasterEndpoint up
24/03/26 01:11:16 INFO SparkEnv: Registering BlockManagerMasterHeartbeat
24/03/26 01:11:16 INFO DiskBlockManager: Created local directory at /tmp/blockmgr-5a3f97e8-bdc1-490a-a7f0-3a6798b0ce37
24/03/26 01:11:16 INFO MemoryStore: MemoryStore started with capacity 366.3 MiB
24/03/26 01:11:16 INFO SparkEnv: Registering OutputCommitCoordinator
24/03/26 01:11:18 WARN Utils: Service 'SparkUI' could not bind on port 4040. Attempting port 4041.
24/03/26 01:11:18 INFO Utils: Successfully started service 'SparkUI' on port 4041.
24/03/26 01:11:19 INFO SparkUI: Bound SparkUI to 0.0.0.0, and started at http://9298a56c64b6:4041
24/03/26 01:11:19 INFO SparkContext: Added JAR file:///spark/jars/postgresql-42.7.2.jar at spark://9298a56c64b6:38435/jars/postgresql-42.7.2.jar with timestamp 1711415479284
24/03/26 01:11:19 INFO SparkContext: Added JAR file:///root/.ivy2/jars/org.apache.spark_spark-sql-kafka-0-10_2.12-3.0.1.jar at spark://9298a56c64b6:38435/jars/org.apache.spark_spark-sql-kafka-0-10_2.12-3.0.1.jar with timestamp 1711415479285
24/03/26 01:11:19 INFO SparkContext: Added JAR file:///root/.ivy2/jars/org.apache.spark_spark-token-provider-kafka-0-10_2.12-3.0.1.jar at spark://9298a56c64b6:38435/jars/org.apache.spark_spark-token-provider-kafka-0-10_2.12-3.0.1.jar with timestamp 1711415479286
24/03/26 01:11:19 INFO SparkContext: Added JAR file:///root/.ivy2/jars/org.apache.kafka_kafka-clients-2.4.1.jar at spark://9298a56c64b6:38435/jars/org.apache.kafka_kafka-clients-2.4.1.jar with timestamp 1711415479286
24/03/26 01:11:19 INFO SparkContext: Added JAR file:///root/.ivy2/jars/org.apache.commons_commons-pool2-2.6.2.jar at spark://9298a56c64b6:38435/jars/org.apache.commons_commons-pool2-2.6.2.jar with timestamp 1711415479292
24/03/26 01:11:19 INFO SparkContext: Added JAR file:///root/.ivy2/jars/org.spark-project.spark_unused-1.0.0.jar at spark://9298a56c64b6:38435/jars/org.spark-project.spark_unused-1.0.0.jar with timestamp 1711415479293
24/03/26 01:11:19 INFO SparkContext: Added JAR file:///root/.ivy2/jars/com.github.luben_zstd-jni-1.4.4-3.jar at spark://9298a56c64b6:38435/jars/com.github.luben_zstd-jni-1.4.4-3.jar with timestamp 1711415479294
24/03/26 01:11:19 INFO SparkContext: Added JAR file:///root/.ivy2/jars/org.lz4_lz4-java-1.7.1.jar at spark://9298a56c64b6:38435/jars/org.lz4_lz4-java-1.7.1.jar with timestamp 1711415479294
24/03/26 01:11:19 INFO SparkContext: Added JAR file:///root/.ivy2/jars/org.xerial.snappy_snappy-java-1.1.7.5.jar at spark://9298a56c64b6:38435/jars/org.xerial.snappy_snappy-java-1.1.7.5.jar with timestamp 1711415479294
24/03/26 01:11:19 INFO SparkContext: Added JAR file:///root/.ivy2/jars/org.slf4j_slf4j-api-1.7.30.jar at spark://9298a56c64b6:38435/jars/org.slf4j_slf4j-api-1.7.30.jar with timestamp 1711415479295
24/03/26 01:11:19 INFO SparkContext: Added file file:///root/.ivy2/jars/org.apache.spark_spark-sql-kafka-0-10_2.12-3.0.1.jar at spark://9298a56c64b6:38435/files/org.apache.spark_spark-sql-kafka-0-10_2.12-3.0.1.jar with timestamp 1711415479304
24/03/26 01:11:19 INFO Utils: Copying /root/.ivy2/jars/org.apache.spark_spark-sql-kafka-0-10_2.12-3.0.1.jar to /tmp/spark-815b6a64-bf7d-4203-a3a5-8955a3b6cafb/userFiles-cd34cdda-2c39-40dc-8299-065da58d4b0f/org.apache.spark_spark-sql-kafka-0-10_2.12-3.0.1.jar
24/03/26 01:11:19 INFO SparkContext: Added file file:///root/.ivy2/jars/org.apache.spark_spark-token-provider-kafka-0-10_2.12-3.0.1.jar at spark://9298a56c64b6:38435/files/org.apache.spark_spark-token-provider-kafka-0-10_2.12-3.0.1.jar with timestamp 1711415479411
24/03/26 01:11:19 INFO Utils: Copying /root/.ivy2/jars/org.apache.spark_spark-token-provider-kafka-0-10_2.12-3.0.1.jar to /tmp/spark-815b6a64-bf7d-4203-a3a5-8955a3b6cafb/userFiles-cd34cdda-2c39-40dc-8299-065da58d4b0f/org.apache.spark_spark-token-provider-kafka-0-10_2.12-3.0.1.jar
24/03/26 01:11:19 INFO SparkContext: Added file file:///root/.ivy2/jars/org.apache.kafka_kafka-clients-2.4.1.jar at spark://9298a56c64b6:38435/files/org.apache.kafka_kafka-clients-2.4.1.jar with timestamp 1711415479472
24/03/26 01:11:19 INFO Utils: Copying /root/.ivy2/jars/org.apache.kafka_kafka-clients-2.4.1.jar to /tmp/spark-815b6a64-bf7d-4203-a3a5-8955a3b6cafb/userFiles-cd34cdda-2c39-40dc-8299-065da58d4b0f/org.apache.kafka_kafka-clients-2.4.1.jar
24/03/26 01:11:19 INFO SparkContext: Added file file:///root/.ivy2/jars/org.apache.commons_commons-pool2-2.6.2.jar at spark://9298a56c64b6:38435/files/org.apache.commons_commons-pool2-2.6.2.jar with timestamp 1711415479529
24/03/26 01:11:19 INFO Utils: Copying /root/.ivy2/jars/org.apache.commons_commons-pool2-2.6.2.jar to /tmp/spark-815b6a64-bf7d-4203-a3a5-8955a3b6cafb/userFiles-cd34cdda-2c39-40dc-8299-065da58d4b0f/org.apache.commons_commons-pool2-2.6.2.jar
24/03/26 01:11:19 INFO SparkContext: Added file file:///root/.ivy2/jars/org.spark-project.spark_unused-1.0.0.jar at spark://9298a56c64b6:38435/files/org.spark-project.spark_unused-1.0.0.jar with timestamp 1711415479566
24/03/26 01:11:19 INFO Utils: Copying /root/.ivy2/jars/org.spark-project.spark_unused-1.0.0.jar to /tmp/spark-815b6a64-bf7d-4203-a3a5-8955a3b6cafb/userFiles-cd34cdda-2c39-40dc-8299-065da58d4b0f/org.spark-project.spark_unused-1.0.0.jar
24/03/26 01:11:19 INFO SparkContext: Added file file:///root/.ivy2/jars/com.github.luben_zstd-jni-1.4.4-3.jar at spark://9298a56c64b6:38435/files/com.github.luben_zstd-jni-1.4.4-3.jar with timestamp 1711415479604
24/03/26 01:11:19 INFO Utils: Copying /root/.ivy2/jars/com.github.luben_zstd-jni-1.4.4-3.jar to /tmp/spark-815b6a64-bf7d-4203-a3a5-8955a3b6cafb/userFiles-cd34cdda-2c39-40dc-8299-065da58d4b0f/com.github.luben_zstd-jni-1.4.4-3.jar
24/03/26 01:11:19 INFO SparkContext: Added file file:///root/.ivy2/jars/org.lz4_lz4-java-1.7.1.jar at spark://9298a56c64b6:38435/files/org.lz4_lz4-java-1.7.1.jar with timestamp 1711415479679
24/03/26 01:11:19 INFO Utils: Copying /root/.ivy2/jars/org.lz4_lz4-java-1.7.1.jar to /tmp/spark-815b6a64-bf7d-4203-a3a5-8955a3b6cafb/userFiles-cd34cdda-2c39-40dc-8299-065da58d4b0f/org.lz4_lz4-java-1.7.1.jar
24/03/26 01:11:19 INFO SparkContext: Added file file:///root/.ivy2/jars/org.xerial.snappy_snappy-java-1.1.7.5.jar at spark://9298a56c64b6:38435/files/org.xerial.snappy_snappy-java-1.1.7.5.jar with timestamp 1711415479724
24/03/26 01:11:19 INFO Utils: Copying /root/.ivy2/jars/org.xerial.snappy_snappy-java-1.1.7.5.jar to /tmp/spark-815b6a64-bf7d-4203-a3a5-8955a3b6cafb/userFiles-cd34cdda-2c39-40dc-8299-065da58d4b0f/org.xerial.snappy_snappy-java-1.1.7.5.jar
24/03/26 01:11:19 INFO SparkContext: Added file file:///root/.ivy2/jars/org.slf4j_slf4j-api-1.7.30.jar at spark://9298a56c64b6:38435/files/org.slf4j_slf4j-api-1.7.30.jar with timestamp 1711415479776
24/03/26 01:11:19 INFO Utils: Copying /root/.ivy2/jars/org.slf4j_slf4j-api-1.7.30.jar to /tmp/spark-815b6a64-bf7d-4203-a3a5-8955a3b6cafb/userFiles-cd34cdda-2c39-40dc-8299-065da58d4b0f/org.slf4j_slf4j-api-1.7.30.jar
24/03/26 01:11:20 WARN SparkContext: Please ensure that the number of slots available on your executors is limited by the number of cores to task cpus and not another custom resource. If cores is not the limiting resource then dynamic allocation will not work properly!
24/03/26 01:11:21 INFO StandaloneAppClient$ClientEndpoint: Connecting to master spark://spark-master:7077...
24/03/26 01:11:21 INFO TransportClientFactory: Successfully created connection to spark-master/172.23.0.4:7077 after 452 ms (0 ms spent in bootstraps)
24/03/26 01:11:23 INFO StandaloneSchedulerBackend: Connected to Spark cluster with app ID app-20240326011122-0025
24/03/26 01:11:23 INFO Utils: Successfully started service 'org.apache.spark.network.netty.NettyBlockTransferService' on port 46121.
24/03/26 01:11:23 INFO NettyBlockTransferService: Server created on 9298a56c64b6:46121
24/03/26 01:11:23 INFO BlockManager: Using org.apache.spark.storage.RandomBlockReplicationPolicy for block replication policy
24/03/26 01:11:24 INFO BlockManagerMaster: Registering BlockManager BlockManagerId(driver, 9298a56c64b6, 46121, None)
24/03/26 01:11:24 INFO BlockManagerMasterEndpoint: Registering block manager 9298a56c64b6:46121 with 366.3 MiB RAM, BlockManagerId(driver, 9298a56c64b6, 46121, None)
24/03/26 01:11:24 INFO BlockManagerMaster: Registered BlockManager BlockManagerId(driver, 9298a56c64b6, 46121, None)
24/03/26 01:11:24 INFO BlockManager: Initialized BlockManager: BlockManagerId(driver, 9298a56c64b6, 46121, None)
24/03/26 01:11:29 INFO StandaloneSchedulerBackend: SchedulerBackend is ready for scheduling beginning after reached minRegisteredResourcesRatio: 0.0
24/03/26 01:11:33 INFO SharedState: Setting hive.metastore.warehouse.dir ('null') to the value of spark.sql.warehouse.dir ('file:/spark-warehouse').
24/03/26 01:11:33 INFO SharedState: Warehouse path is 'file:/spark-warehouse'.
