Ivy Default Cache set to: /root/.ivy2/cache
The jars for the packages stored in: /root/.ivy2/jars
:: loading settings :: url = jar:file:/spark/jars/ivy-2.4.0.jar!/org/apache/ivy/core/settings/ivysettings.xml
org.apache.spark#spark-sql-kafka-0-10_2.12 added as a dependency
:: resolving dependencies :: org.apache.spark#spark-submit-parent-1f643d2d-8eab-48ce-9119-d56eb2124145;1.0
	confs: [default]
	found org.apache.spark#spark-sql-kafka-0-10_2.12;3.0.1 in central
	found org.apache.spark#spark-token-provider-kafka-0-10_2.12;3.0.1 in central
	found org.apache.kafka#kafka-clients;2.4.1 in central
	found com.github.luben#zstd-jni;1.4.4-3 in central
	found org.lz4#lz4-java;1.7.1 in central
	found org.xerial.snappy#snappy-java;1.1.7.5 in central
	found org.slf4j#slf4j-api;1.7.30 in central
	found org.spark-project.spark#unused;1.0.0 in central
	found org.apache.commons#commons-pool2;2.6.2 in central
:: resolution report :: resolve 3971ms :: artifacts dl 64ms
	:: modules in use:
	com.github.luben#zstd-jni;1.4.4-3 from central in [default]
	org.apache.commons#commons-pool2;2.6.2 from central in [default]
	org.apache.kafka#kafka-clients;2.4.1 from central in [default]
	org.apache.spark#spark-sql-kafka-0-10_2.12;3.0.1 from central in [default]
	org.apache.spark#spark-token-provider-kafka-0-10_2.12;3.0.1 from central in [default]
	org.lz4#lz4-java;1.7.1 from central in [default]
	org.slf4j#slf4j-api;1.7.30 from central in [default]
	org.spark-project.spark#unused;1.0.0 from central in [default]
	org.xerial.snappy#snappy-java;1.1.7.5 from central in [default]
	---------------------------------------------------------------------
	|                  |            modules            ||   artifacts   |
	|       conf       | number| search|dwnlded|evicted|| number|dwnlded|
	---------------------------------------------------------------------
	|      default     |   9   |   0   |   0   |   0   ||   9   |   0   |
	---------------------------------------------------------------------
:: retrieving :: org.apache.spark#spark-submit-parent-1f643d2d-8eab-48ce-9119-d56eb2124145
	confs: [default]
	0 artifacts copied, 9 already retrieved (0kB/91ms)
24/03/26 01:11:09 WARN NativeCodeLoader: Unable to load native-hadoop library for your platform... using builtin-java classes where applicable
Using Spark's default log4j profile: org/apache/spark/log4j-defaults.properties
24/03/26 01:11:14 INFO SparkContext: Running Spark version 3.0.1
24/03/26 01:11:14 INFO ResourceUtils: ==============================================================
24/03/26 01:11:14 INFO ResourceUtils: Resources for spark.driver:

24/03/26 01:11:14 INFO ResourceUtils: ==============================================================
24/03/26 01:11:14 INFO SparkContext: Submitted application: Uncommon crimes
24/03/26 01:11:15 INFO SecurityManager: Changing view acls to: root
24/03/26 01:11:15 INFO SecurityManager: Changing modify acls to: root
24/03/26 01:11:15 INFO SecurityManager: Changing view acls groups to: 
24/03/26 01:11:15 INFO SecurityManager: Changing modify acls groups to: 
24/03/26 01:11:15 INFO SecurityManager: SecurityManager: authentication disabled; ui acls disabled; users  with view permissions: Set(root); groups with view permissions: Set(); users  with modify permissions: Set(root); groups with modify permissions: Set()
24/03/26 01:11:17 INFO Utils: Successfully started service 'sparkDriver' on port 34343.
24/03/26 01:11:17 INFO SparkEnv: Registering MapOutputTracker
24/03/26 01:11:17 INFO SparkEnv: Registering BlockManagerMaster
24/03/26 01:11:17 INFO BlockManagerMasterEndpoint: Using org.apache.spark.storage.DefaultTopologyMapper for getting topology information
24/03/26 01:11:17 INFO BlockManagerMasterEndpoint: BlockManagerMasterEndpoint up
24/03/26 01:11:17 INFO SparkEnv: Registering BlockManagerMasterHeartbeat
24/03/26 01:11:17 INFO DiskBlockManager: Created local directory at /tmp/blockmgr-9555b9b7-276f-4d93-8faf-73cecfce8bbd
24/03/26 01:11:18 INFO MemoryStore: MemoryStore started with capacity 366.3 MiB
24/03/26 01:11:18 INFO SparkEnv: Registering OutputCommitCoordinator
24/03/26 01:11:21 WARN Utils: Service 'SparkUI' could not bind on port 4040. Attempting port 4041.
24/03/26 01:11:21 WARN Utils: Service 'SparkUI' could not bind on port 4041. Attempting port 4042.
24/03/26 01:11:21 WARN Utils: Service 'SparkUI' could not bind on port 4042. Attempting port 4043.
24/03/26 01:11:21 WARN Utils: Service 'SparkUI' could not bind on port 4043. Attempting port 4044.
24/03/26 01:11:21 INFO Utils: Successfully started service 'SparkUI' on port 4044.
24/03/26 01:11:21 INFO SparkUI: Bound SparkUI to 0.0.0.0, and started at http://9298a56c64b6:4044
24/03/26 01:11:22 INFO SparkContext: Added JAR file:///spark/jars/postgresql-42.7.2.jar at spark://9298a56c64b6:34343/jars/postgresql-42.7.2.jar with timestamp 1711415482051
24/03/26 01:11:22 INFO SparkContext: Added JAR file:///root/.ivy2/jars/org.apache.spark_spark-sql-kafka-0-10_2.12-3.0.1.jar at spark://9298a56c64b6:34343/jars/org.apache.spark_spark-sql-kafka-0-10_2.12-3.0.1.jar with timestamp 1711415482063
24/03/26 01:11:22 INFO SparkContext: Added JAR file:///root/.ivy2/jars/org.apache.spark_spark-token-provider-kafka-0-10_2.12-3.0.1.jar at spark://9298a56c64b6:34343/jars/org.apache.spark_spark-token-provider-kafka-0-10_2.12-3.0.1.jar with timestamp 1711415482065
24/03/26 01:11:22 INFO SparkContext: Added JAR file:///root/.ivy2/jars/org.apache.kafka_kafka-clients-2.4.1.jar at spark://9298a56c64b6:34343/jars/org.apache.kafka_kafka-clients-2.4.1.jar with timestamp 1711415482074
24/03/26 01:11:22 INFO SparkContext: Added JAR file:///root/.ivy2/jars/org.apache.commons_commons-pool2-2.6.2.jar at spark://9298a56c64b6:34343/jars/org.apache.commons_commons-pool2-2.6.2.jar with timestamp 1711415482077
24/03/26 01:11:22 INFO SparkContext: Added JAR file:///root/.ivy2/jars/org.spark-project.spark_unused-1.0.0.jar at spark://9298a56c64b6:34343/jars/org.spark-project.spark_unused-1.0.0.jar with timestamp 1711415482081
24/03/26 01:11:22 INFO SparkContext: Added JAR file:///root/.ivy2/jars/com.github.luben_zstd-jni-1.4.4-3.jar at spark://9298a56c64b6:34343/jars/com.github.luben_zstd-jni-1.4.4-3.jar with timestamp 1711415482087
24/03/26 01:11:22 INFO SparkContext: Added JAR file:///root/.ivy2/jars/org.lz4_lz4-java-1.7.1.jar at spark://9298a56c64b6:34343/jars/org.lz4_lz4-java-1.7.1.jar with timestamp 1711415482087
24/03/26 01:11:22 INFO SparkContext: Added JAR file:///root/.ivy2/jars/org.xerial.snappy_snappy-java-1.1.7.5.jar at spark://9298a56c64b6:34343/jars/org.xerial.snappy_snappy-java-1.1.7.5.jar with timestamp 1711415482090
24/03/26 01:11:22 INFO SparkContext: Added JAR file:///root/.ivy2/jars/org.slf4j_slf4j-api-1.7.30.jar at spark://9298a56c64b6:34343/jars/org.slf4j_slf4j-api-1.7.30.jar with timestamp 1711415482095
24/03/26 01:11:22 INFO SparkContext: Added file file:///root/.ivy2/jars/org.apache.spark_spark-sql-kafka-0-10_2.12-3.0.1.jar at spark://9298a56c64b6:34343/files/org.apache.spark_spark-sql-kafka-0-10_2.12-3.0.1.jar with timestamp 1711415482099
24/03/26 01:11:22 INFO Utils: Copying /root/.ivy2/jars/org.apache.spark_spark-sql-kafka-0-10_2.12-3.0.1.jar to /tmp/spark-effe398e-9767-48d0-b4bb-e93137c53a67/userFiles-e646b614-75c2-4821-bfd5-e2992eeaf1dc/org.apache.spark_spark-sql-kafka-0-10_2.12-3.0.1.jar
24/03/26 01:11:22 INFO SparkContext: Added file file:///root/.ivy2/jars/org.apache.spark_spark-token-provider-kafka-0-10_2.12-3.0.1.jar at spark://9298a56c64b6:34343/files/org.apache.spark_spark-token-provider-kafka-0-10_2.12-3.0.1.jar with timestamp 1711415482267
24/03/26 01:11:22 INFO Utils: Copying /root/.ivy2/jars/org.apache.spark_spark-token-provider-kafka-0-10_2.12-3.0.1.jar to /tmp/spark-effe398e-9767-48d0-b4bb-e93137c53a67/userFiles-e646b614-75c2-4821-bfd5-e2992eeaf1dc/org.apache.spark_spark-token-provider-kafka-0-10_2.12-3.0.1.jar
24/03/26 01:11:22 INFO SparkContext: Added file file:///root/.ivy2/jars/org.apache.kafka_kafka-clients-2.4.1.jar at spark://9298a56c64b6:34343/files/org.apache.kafka_kafka-clients-2.4.1.jar with timestamp 1711415482307
24/03/26 01:11:22 INFO Utils: Copying /root/.ivy2/jars/org.apache.kafka_kafka-clients-2.4.1.jar to /tmp/spark-effe398e-9767-48d0-b4bb-e93137c53a67/userFiles-e646b614-75c2-4821-bfd5-e2992eeaf1dc/org.apache.kafka_kafka-clients-2.4.1.jar
24/03/26 01:11:22 INFO SparkContext: Added file file:///root/.ivy2/jars/org.apache.commons_commons-pool2-2.6.2.jar at spark://9298a56c64b6:34343/files/org.apache.commons_commons-pool2-2.6.2.jar with timestamp 1711415482372
24/03/26 01:11:22 INFO Utils: Copying /root/.ivy2/jars/org.apache.commons_commons-pool2-2.6.2.jar to /tmp/spark-effe398e-9767-48d0-b4bb-e93137c53a67/userFiles-e646b614-75c2-4821-bfd5-e2992eeaf1dc/org.apache.commons_commons-pool2-2.6.2.jar
24/03/26 01:11:22 INFO SparkContext: Added file file:///root/.ivy2/jars/org.spark-project.spark_unused-1.0.0.jar at spark://9298a56c64b6:34343/files/org.spark-project.spark_unused-1.0.0.jar with timestamp 1711415482452
24/03/26 01:11:22 INFO Utils: Copying /root/.ivy2/jars/org.spark-project.spark_unused-1.0.0.jar to /tmp/spark-effe398e-9767-48d0-b4bb-e93137c53a67/userFiles-e646b614-75c2-4821-bfd5-e2992eeaf1dc/org.spark-project.spark_unused-1.0.0.jar
24/03/26 01:11:22 INFO SparkContext: Added file file:///root/.ivy2/jars/com.github.luben_zstd-jni-1.4.4-3.jar at spark://9298a56c64b6:34343/files/com.github.luben_zstd-jni-1.4.4-3.jar with timestamp 1711415482614
24/03/26 01:11:22 INFO Utils: Copying /root/.ivy2/jars/com.github.luben_zstd-jni-1.4.4-3.jar to /tmp/spark-effe398e-9767-48d0-b4bb-e93137c53a67/userFiles-e646b614-75c2-4821-bfd5-e2992eeaf1dc/com.github.luben_zstd-jni-1.4.4-3.jar
24/03/26 01:11:23 INFO SparkContext: Added file file:///root/.ivy2/jars/org.lz4_lz4-java-1.7.1.jar at spark://9298a56c64b6:34343/files/org.lz4_lz4-java-1.7.1.jar with timestamp 1711415483287
24/03/26 01:11:23 INFO Utils: Copying /root/.ivy2/jars/org.lz4_lz4-java-1.7.1.jar to /tmp/spark-effe398e-9767-48d0-b4bb-e93137c53a67/userFiles-e646b614-75c2-4821-bfd5-e2992eeaf1dc/org.lz4_lz4-java-1.7.1.jar
24/03/26 01:11:23 INFO SparkContext: Added file file:///root/.ivy2/jars/org.xerial.snappy_snappy-java-1.1.7.5.jar at spark://9298a56c64b6:34343/files/org.xerial.snappy_snappy-java-1.1.7.5.jar with timestamp 1711415483622
24/03/26 01:11:23 INFO Utils: Copying /root/.ivy2/jars/org.xerial.snappy_snappy-java-1.1.7.5.jar to /tmp/spark-effe398e-9767-48d0-b4bb-e93137c53a67/userFiles-e646b614-75c2-4821-bfd5-e2992eeaf1dc/org.xerial.snappy_snappy-java-1.1.7.5.jar
24/03/26 01:11:23 INFO SparkContext: Added file file:///root/.ivy2/jars/org.slf4j_slf4j-api-1.7.30.jar at spark://9298a56c64b6:34343/files/org.slf4j_slf4j-api-1.7.30.jar with timestamp 1711415483896
24/03/26 01:11:23 INFO Utils: Copying /root/.ivy2/jars/org.slf4j_slf4j-api-1.7.30.jar to /tmp/spark-effe398e-9767-48d0-b4bb-e93137c53a67/userFiles-e646b614-75c2-4821-bfd5-e2992eeaf1dc/org.slf4j_slf4j-api-1.7.30.jar
24/03/26 01:11:24 WARN SparkContext: Please ensure that the number of slots available on your executors is limited by the number of cores to task cpus and not another custom resource. If cores is not the limiting resource then dynamic allocation will not work properly!
24/03/26 01:11:30 INFO StandaloneAppClient$ClientEndpoint: Connecting to master spark://spark-master:7077...
24/03/26 01:11:31 INFO TransportClientFactory: Successfully created connection to spark-master/172.23.0.4:7077 after 533 ms (0 ms spent in bootstraps)
24/03/26 01:11:33 INFO StandaloneSchedulerBackend: Connected to Spark cluster with app ID app-20240326011133-0028
24/03/26 01:11:33 INFO Utils: Successfully started service 'org.apache.spark.network.netty.NettyBlockTransferService' on port 46155.
24/03/26 01:11:33 INFO NettyBlockTransferService: Server created on 9298a56c64b6:46155
24/03/26 01:11:33 INFO BlockManager: Using org.apache.spark.storage.RandomBlockReplicationPolicy for block replication policy
24/03/26 01:11:33 INFO BlockManagerMaster: Registering BlockManager BlockManagerId(driver, 9298a56c64b6, 46155, None)
24/03/26 01:11:33 INFO BlockManagerMasterEndpoint: Registering block manager 9298a56c64b6:46155 with 366.3 MiB RAM, BlockManagerId(driver, 9298a56c64b6, 46155, None)
24/03/26 01:11:33 INFO BlockManagerMaster: Registered BlockManager BlockManagerId(driver, 9298a56c64b6, 46155, None)
24/03/26 01:11:33 INFO BlockManager: Initialized BlockManager: BlockManagerId(driver, 9298a56c64b6, 46155, None)
24/03/26 01:11:37 INFO StandaloneSchedulerBackend: SchedulerBackend is ready for scheduling beginning after reached minRegisteredResourcesRatio: 0.0
24/03/26 01:11:38 INFO SharedState: Setting hive.metastore.warehouse.dir ('null') to the value of spark.sql.warehouse.dir ('file:/spark-warehouse').
24/03/26 01:11:38 INFO SharedState: Warehouse path is 'file:/spark-warehouse'.
